[ WARN:0@27.286] global cap_msmf.cpp:476 `anonymous-namespace'::SourceReaderCB::OnReadSample videoio(MSMF): OnReadSample() is called with error status: -1072875772
[ WARN:0@27.286] global cap_msmf.cpp:488 `anonymous-namespace'::SourceReaderCB::OnReadSample videoio(MSMF): async ReadSample() call is failed with error status: -1072875772
[ WARN:1@27.286] global cap_msmf.cpp:1795 CvCapture_MSMF::grabFrame videoio(MSMF): can't grab frame. Error: -1072875772
[ WARN:1@27.286] global cap_msmf.cpp:1795 CvCapture_MSMF::grabFrame videoio(MSMF): can't grab frame. Error: -1072875772
[ WARN:1@27.286] global cap_msmf.cpp:1795 CvCapture_MSMF::grabFrame videoio(MSMF): can't grab frame. Error: -1072875772
[ WARN:0@39.129] global cap_msmf.cpp:476 `anonymous-namespace'::SourceReaderCB::OnReadSample videoio(MSMF): OnReadSample() is called with error status: -1072875772
[ WARN:0@39.131] global cap_msmf.cpp:488 `anonymous-namespace'::SourceReaderCB::OnReadSample videoio(MSMF): async ReadSample() call is failed with error status: -1072875772
[ WARN:1@39.131] global cap_msmf.cpp:1795 CvCapture_MSMF::grabFrame videoio(MSMF): can't grab frame. Error: -1072875772
[ WARN:1@39.131] global cap_msmf.cpp:1795 CvCapture_MSMF::grabFrame videoio(MSMF): can't grab frame. Error: -1072875772
[ WARN:1@39.131] global cap_msmf.cpp:1795 CvCapture_MSMF::grabFrame videoio(MSMF): can't grab frame. Error: -1072875772
[ WARN:2@51.336] global cap_msmf.cpp:476 `anonymous-namespace'::SourceReaderCB::OnReadSample videoio(MSMF): OnReadSample() is called with error status: -1072875772
[ WARN:2@51.336] global cap_msmf.cpp:488 `anonymous-namespace'::SourceReaderCB::OnReadSample videoio(MSMF): async ReadSample() call is failed with error status: -1072875772
[ WARN:1@51.336] global cap_msmf.cpp:1795 CvCapture_MSMF::grabFrame videoio(MSMF): can't grab frame. Error: -1072875772
[ WARN:1@51.336] global cap_msmf.cpp:1795 CvCapture_MSMF::grabFrame videoio(MSMF): can't grab frame. Error: -1072875772
[ WARN:1@51.336] global cap_msmf.cpp:1795 CvCapture_MSMF::grabFrame videoio(MSMF): can't grab frame. Error: -1072875772
Scheduler started with jobs: auto_start_sessions, auto_stop_sessions
[WORKER] Starting session camera worker for Session ID: 38
Applied providers: ['CPUExecutionProvider'], with options: {'CPUExecutionProvider': {}}
find model: C:\Users\Bhautik chodvadiya/.insightface\models\buffalo_l\1k3d68.onnx landmark_3d_68 ['None', 3, 192, 192] 0.0 1.0
Applied providers: ['CPUExecutionProvider'], with options: {'CPUExecutionProvider': {}}
find model: C:\Users\Bhautik chodvadiya/.insightface\models\buffalo_l\2d106det.onnx landmark_2d_106 ['None', 3, 192, 192] 0.0 1.0
Applied providers: ['CPUExecutionProvider'], with options: {'CPUExecutionProvider': {}}
find model: C:\Users\Bhautik chodvadiya/.insightface\models\buffalo_l\det_10g.onnx detection [1, 3, '?', '?'] 127.5 128.0
Applied providers: ['CPUExecutionProvider'], with options: {'CPUExecutionProvider': {}}
find model: C:\Users\Bhautik chodvadiya/.insightface\models\buffalo_l\genderage.onnx genderage ['None', 3, 96, 96] 0.0 1.0
Applied providers: ['CPUExecutionProvider'], with options: {'CPUExecutionProvider': {}}
find model: C:\Users\Bhautik chodvadiya/.insightface\models\buffalo_l\w600k_r50.onnx recognition ['None', 3, 112, 112] 127.5 127.5
set det-size: (640, 640)
[INFO] Loaded 1 student embeddings for session 38
[ERROR] Cannot open camera.
